Arguments: 
  C:\Program Files\nodejs\node.exe C:\Users\Usuário\AppData\Roaming\npm\node_modules\yarn\bin\yarn.js

PATH: 
  C:\Users\Usuário\bin;C:\Program Files\Git\mingw64\bin;C:\Program Files\Git\usr\local\bin;C:\Program Files\Git\usr\bin;C:\Program Files\Git\usr\bin;C:\Program Files\Git\mingw64\bin;C:\Program Files\Git\usr\bin;C:\Users\Usuário\bin;C:\Python312\Scripts;C:\Python312;C:\WINDOWS\System32\WindowsPowerShell\v1.0;C:\Program Files (x86)\Common Files\Oracle\Java\javapath;C:\Python39\Scripts;C:\Python39;C:\oracle\product\10.2.0\client_2\bin;C:\WINDOWS\system32;C:\WINDOWS;C:\WINDOWS\System32\Wbem;C:\WINDOWS\System32\OpenSSH;C:\Program Files (x86)\Microsoft ASP.NET\ASP.NET Web Pages\v1.0;C:\Program Files\Microsoft SQL Server\110\Tools\Binn;C:\ProgramData\ComposerSetup\bin;C:\Program Files\PowerShell\7-preview\preview;C:\ProgramData\chocolatey\bin;C:\Program Files\Git\cmd;C:\Program Files\dotnet;C:\Program Files\Microsoft SQL Server\130\Tools\Binn;C:\Program Files\Microsoft SQL Server\Client SDK\ODBC\170\Tools\Binn;C:\Program Files\Microsoft\Web Platform Installer;C:\Program Files (x86)\dotnet;C:\Program Files\PuTTY;C:\Program Files (x86)\Microsoft SQL Server\150\DTS\Binn;C:\Program Files\Azure Data Studio\bin;C:\Program Files (x86)\Microsoft SQL Server\150\Tools\Binn;C:\Program Files\Microsoft SQL Server\150\Tools\Binn;C:\Program Files\Microsoft SQL Server\150\DTS\Binn;C:\Program Files\Docker\Docker\resources\bin;C:\ProgramData\DockerDesktop\version-bin;C:\Program Files\MongoDB\Server\4.4\bin;C:\oracle\product\10.2.0\client_1\bin;C:\Program Files\nodejs;C:\Program Files\Amazon\AWSCLIV2;C:\Users\Usuário\AppData\Local\Microsoft\WindowsApps;C:\php-7.4.12-nts-Win32-vc15-x64;C:\Users\Usuário\AppData\Roaming\Composer\vendor\bin;C:\Users\Usuário\Executaveis;C:\Program Files (x86)\GnuWin32\bin;C:\Users\Usuário\.dotnet\tools;C:\Program Files\Azure Data Studio\bin;C:\Program Files\MongoDB\Server\4.4\bin;C:\Users\Usuário\AppData\Roaming\npm;C:\Users\Usuário\AppData\Local\Programs\Microsoft VS Code\bin;C:\Program Files\Git\usr\bin\vendor_perl;C:\Program Files\Git\usr\bin\core_perl

Yarn version: 
  1.22.19

Node version: 
  20.11.1

Platform: 
  win32 x64

Trace: 
  Error: EPERM: operation not permitted, rmdir 'C:\desenv\ECommerceAWS\node_modules\aws-cdk-lib\node_modules\.bin'

npm manifest: 
  {
    "name": "e_commerce_aws",
    "version": "0.1.0",
    "bin": {
      "e_commerce_aws": "bin/e_commerce_aws.js"
    },
    "scripts": {
      "build": "tsc",
      "watch": "tsc -w",
      "test": "jest",
      "cdk": "cdk"
    },
    "devDependencies": {
      "@types/jest": "^29.5.12",
      "@types/node": "20.11.19",
      "aws-cdk": "2.130.0",
      "aws-sdk": "^2.1568.0",
      "jest": "^29.7.0",
      "ts-jest": "^29.1.2",
      "ts-node": "^10.9.2",
      "typescript": "~5.3.3"
    },
    "dependencies": {
      "@types/aws-lambda": "^8.10.134",
      "aws-cdk-lib": "2.130.0",
      "constructs": "^10.0.0",
      "source-map-support": "^0.5.21"
    }
  }

yarn manifest: 
  No manifest

Lockfile: 
  No lockfile
